2021-02-02 08:22:35 [DEBUG]: tt.jointeuclid2ni.probleminstance.EarliestArrivalProblem - The environment consist of boundary and 6 obstacles, with total 22 corners.
2021-02-02 08:22:35 [DEBUG]: tt.jointeuclid2ni.probleminstance.EarliestArrivalProblem - Graph (|V|=79, |E|=1070) parsing took 24 ms
2021-02-02 08:22:35 [INFO ]: cz.agents.rmtrack.Util - Computing trajectory for robot 0 from (170, 90) to (834, 911)
2021-02-02 08:22:35 [DEBUG]: cz.agents.rmtrack.util.BestResponse - Planning finshed in 52ms; 1579 iterations; 30365 it/sec  path-length:728
2021-02-02 08:22:35 [INFO ]: cz.agents.rmtrack.Util - Computing trajectory for robot 1 from (211, 865) to (892, 67)
2021-02-02 08:22:35 [DEBUG]: cz.agents.rmtrack.util.BestResponse - Planning finshed in 46ms; 1642 iterations; 35695 it/sec  path-length:727
2021-02-02 08:22:35 [INFO ]: cz.agents.rmtrack.Util - Computing trajectory for robot 2 from (821, 605) to (171, 605)
2021-02-02 08:22:35 [DEBUG]: cz.agents.rmtrack.util.BestResponse - Planning finshed in 51ms; 1204 iterations; 23607 it/sec  path-length:735
2021-02-02 08:22:35 [INFO ]: cz.agents.rmtrack.Util - Path planning finished...
2021-02-02 08:24:56 [DEBUG]: tt.jointeuclid2ni.probleminstance.EarliestArrivalProblem - The environment consist of boundary and 6 obstacles, with total 22 corners.
2021-02-02 08:24:56 [DEBUG]: tt.jointeuclid2ni.probleminstance.EarliestArrivalProblem - Graph (|V|=79, |E|=1070) parsing took 23 ms
2021-02-02 08:24:56 [INFO ]: cz.agents.rmtrack.Util - Computing trajectory for robot 0 from (170, 90) to (834, 911)
2021-02-02 08:24:56 [DEBUG]: cz.agents.rmtrack.util.BestResponse - Planning finshed in 49ms; 1579 iterations; 32224 it/sec  path-length:728
2021-02-02 08:24:56 [INFO ]: cz.agents.rmtrack.Util - Computing trajectory for robot 1 from (211, 865) to (892, 67)
2021-02-02 08:24:56 [DEBUG]: cz.agents.rmtrack.util.BestResponse - Planning finshed in 56ms; 1642 iterations; 29321 it/sec  path-length:727
2021-02-02 08:24:56 [INFO ]: cz.agents.rmtrack.Util - Computing trajectory for robot 2 from (821, 605) to (171, 605)
2021-02-02 08:24:56 [DEBUG]: cz.agents.rmtrack.util.BestResponse - Planning finshed in 28ms; 1204 iterations; 43000 it/sec  path-length:735
2021-02-02 08:24:56 [INFO ]: cz.agents.rmtrack.Util - Path planning finished...
2021-02-02 08:24:56 [INFO ]: smile.math.MathEx - Set RNG seed 19650218 for thread main
2021-02-02 08:24:56 [INFO ]: smile.clustering.KMeans - Distortion after initialization: 505.0000
2021-02-02 08:24:56 [INFO ]: smile.clustering.KMeans - Distortion after   1 iterations: 277.9915
2021-02-02 08:24:56 [INFO ]: smile.clustering.KMeans - Distortion after   2 iterations: 259.6165
2021-02-02 08:24:56 [INFO ]: smile.clustering.KMeans - Distortion after   3 iterations: 259.6165
2021-02-02 08:24:56 [INFO ]: smile.math.matrix.Factory - smile-netlib module is available.
2021-02-02 08:25:01 [DEBUG]: tt.jointeuclid2ni.probleminstance.EarliestArrivalProblem - The environment consist of boundary and 6 obstacles, with total 22 corners.
2021-02-02 08:25:01 [DEBUG]: tt.jointeuclid2ni.probleminstance.EarliestArrivalProblem - Graph (|V|=79, |E|=1070) parsing took 20 ms
2021-02-02 08:25:01 [INFO ]: cz.agents.rmtrack.Util - Computing trajectory for robot 0 from (170, 90) to (834, 911)
2021-02-02 08:25:01 [DEBUG]: cz.agents.rmtrack.util.BestResponse - Planning finshed in 59ms; 1579 iterations; 26762 it/sec  path-length:728
2021-02-02 08:25:01 [INFO ]: cz.agents.rmtrack.Util - Computing trajectory for robot 1 from (211, 865) to (892, 67)
2021-02-02 08:25:01 [DEBUG]: cz.agents.rmtrack.util.BestResponse - Planning finshed in 68ms; 1642 iterations; 24147 it/sec  path-length:727
2021-02-02 08:25:01 [INFO ]: cz.agents.rmtrack.Util - Computing trajectory for robot 2 from (821, 605) to (171, 605)
2021-02-02 08:25:01 [DEBUG]: cz.agents.rmtrack.util.BestResponse - Planning finshed in 54ms; 1204 iterations; 22296 it/sec  path-length:735
2021-02-02 08:25:01 [INFO ]: cz.agents.rmtrack.Util - Path planning finished...
2021-02-02 08:25:32 [DEBUG]: tt.jointeuclid2ni.probleminstance.EarliestArrivalProblem - The environment consist of boundary and 6 obstacles, with total 22 corners.
2021-02-02 08:25:32 [DEBUG]: tt.jointeuclid2ni.probleminstance.EarliestArrivalProblem - Graph (|V|=79, |E|=1070) parsing took 22 ms
2021-02-02 08:25:32 [INFO ]: cz.agents.rmtrack.Util - Computing trajectory for robot 0 from (170, 90) to (834, 911)
2021-02-02 08:25:32 [DEBUG]: cz.agents.rmtrack.util.BestResponse - Planning finshed in 50ms; 1579 iterations; 31580 it/sec  path-length:728
2021-02-02 08:25:32 [INFO ]: cz.agents.rmtrack.Util - Computing trajectory for robot 1 from (211, 865) to (892, 67)
2021-02-02 08:25:32 [DEBUG]: cz.agents.rmtrack.util.BestResponse - Planning finshed in 50ms; 1642 iterations; 32840 it/sec  path-length:727
2021-02-02 08:25:32 [INFO ]: cz.agents.rmtrack.Util - Computing trajectory for robot 2 from (821, 605) to (171, 605)
2021-02-02 08:25:32 [DEBUG]: cz.agents.rmtrack.util.BestResponse - Planning finshed in 58ms; 1204 iterations; 20758 it/sec  path-length:735
2021-02-02 08:25:32 [INFO ]: cz.agents.rmtrack.Util - Path planning finished...
2021-02-02 08:27:27 [DEBUG]: tt.jointeuclid2ni.probleminstance.EarliestArrivalProblem - The environment consist of boundary and 6 obstacles, with total 22 corners.
2021-02-02 08:27:27 [DEBUG]: tt.jointeuclid2ni.probleminstance.EarliestArrivalProblem - Graph (|V|=79, |E|=1070) parsing took 19 ms
2021-02-02 08:27:27 [INFO ]: cz.agents.rmtrack.Util - Computing trajectory for robot 0 from (170, 90) to (834, 911)
2021-02-02 08:27:27 [DEBUG]: cz.agents.rmtrack.util.BestResponse - Planning finshed in 59ms; 1579 iterations; 26762 it/sec  path-length:728
2021-02-02 08:27:27 [INFO ]: cz.agents.rmtrack.Util - Computing trajectory for robot 1 from (211, 865) to (892, 67)
2021-02-02 08:27:27 [DEBUG]: cz.agents.rmtrack.util.BestResponse - Planning finshed in 63ms; 1642 iterations; 26063 it/sec  path-length:727
2021-02-02 08:27:27 [INFO ]: cz.agents.rmtrack.Util - Computing trajectory for robot 2 from (821, 605) to (171, 605)
2021-02-02 08:27:27 [DEBUG]: cz.agents.rmtrack.util.BestResponse - Planning finshed in 53ms; 1204 iterations; 22716 it/sec  path-length:735
2021-02-02 08:27:27 [INFO ]: cz.agents.rmtrack.Util - Path planning finished...
2021-02-02 08:32:00 [DEBUG]: tt.jointeuclid2ni.probleminstance.EarliestArrivalProblem - The environment consist of boundary and 6 obstacles, with total 22 corners.
2021-02-02 08:32:00 [DEBUG]: tt.jointeuclid2ni.probleminstance.EarliestArrivalProblem - Graph (|V|=79, |E|=1070) parsing took 24 ms
2021-02-02 08:32:00 [INFO ]: cz.agents.rmtrack.Util - Computing trajectory for robot 0 from (170, 90) to (834, 911)
2021-02-02 08:32:00 [DEBUG]: cz.agents.rmtrack.util.BestResponse - Planning finshed in 82ms; 1579 iterations; 19256 it/sec  path-length:728
2021-02-02 08:32:00 [INFO ]: cz.agents.rmtrack.Util - Computing trajectory for robot 1 from (211, 865) to (892, 67)
2021-02-02 08:32:00 [DEBUG]: cz.agents.rmtrack.util.BestResponse - Planning finshed in 69ms; 1642 iterations; 23797 it/sec  path-length:727
2021-02-02 08:32:00 [INFO ]: cz.agents.rmtrack.Util - Computing trajectory for robot 2 from (821, 605) to (171, 605)
2021-02-02 08:32:00 [DEBUG]: cz.agents.rmtrack.util.BestResponse - Planning finshed in 76ms; 1204 iterations; 15842 it/sec  path-length:735
2021-02-02 08:32:00 [INFO ]: cz.agents.rmtrack.Util - Path planning finished...
2021-02-02 08:44:15 [DEBUG]: tt.jointeuclid2ni.probleminstance.EarliestArrivalProblem - The environment consist of boundary and 6 obstacles, with total 22 corners.
2021-02-02 08:44:15 [DEBUG]: tt.jointeuclid2ni.probleminstance.EarliestArrivalProblem - Graph (|V|=79, |E|=1070) parsing took 20 ms
2021-02-02 08:44:15 [INFO ]: cz.agents.rmtrack.Util - Computing trajectory for robot 0 from (170, 90) to (834, 911)
2021-02-02 08:44:15 [DEBUG]: cz.agents.rmtrack.util.BestResponse - Planning finshed in 59ms; 1579 iterations; 26762 it/sec  path-length:728
2021-02-02 08:44:15 [INFO ]: cz.agents.rmtrack.Util - Computing trajectory for robot 1 from (211, 865) to (892, 67)
2021-02-02 08:44:15 [DEBUG]: cz.agents.rmtrack.util.BestResponse - Planning finshed in 54ms; 1642 iterations; 30407 it/sec  path-length:727
2021-02-02 08:44:15 [INFO ]: cz.agents.rmtrack.Util - Computing trajectory for robot 2 from (821, 605) to (171, 605)
2021-02-02 08:44:15 [DEBUG]: cz.agents.rmtrack.util.BestResponse - Planning finshed in 46ms; 1204 iterations; 26173 it/sec  path-length:735
2021-02-02 08:44:15 [INFO ]: cz.agents.rmtrack.Util - Path planning finished...
2021-02-02 08:44:29 [INFO ]: smile.math.MathEx - Set RNG seed 19650218 for thread main
2021-02-02 08:44:29 [INFO ]: smile.clustering.KMeans - Distortion after initialization: 505.0000
2021-02-02 08:44:29 [INFO ]: smile.clustering.KMeans - Distortion after   1 iterations: 277.9915
2021-02-02 08:44:29 [INFO ]: smile.clustering.KMeans - Distortion after   2 iterations: 259.6165
2021-02-02 08:44:29 [INFO ]: smile.clustering.KMeans - Distortion after   3 iterations: 259.6165
2021-02-02 08:44:29 [INFO ]: smile.math.matrix.Factory - smile-netlib module is available.
